Unity Editor version:    2020.3.25f1c1 (fd09ccef852e)
Branch:                  2020.3/china_unity/release
Build type:              Release
Batch mode:              YES
macOS version:           Version 12.4 (Build 21F79)
Darwin version:          21.5.0
Architecture:            x86_64
Running under Rosetta:   NO
Available memory:        16384 MB
Using pre-set license
Pro License: NO

COMMAND LINE ARGUMENTS:
/Applications/Unity/Unity.app/Contents/MacOS/Unity
-adb2
-batchMode
-noUpm
-name
AssetImportWorker2
-projectPath
/Users/umbra/VR/ShootingStar/ShootingStar
-logFile
Logs/AssetImportWorker2.log
-srvPort
51751
Successfully changed project path to: /Users/umbra/VR/ShootingStar/ShootingStar
/Users/umbra/VR/ShootingStar/ShootingStar
Using Asset Import Pipeline V2.
AS: AutoStreaming module initializing.Refreshing native plugins compatible for Editor in 395.50 ms, found 5 plugins.
Preloading 2 native plugins for Editor in 33.18 ms.
Initialize engine version: 2020.3.25f1c1 (fd09ccef852e)
[Subsystems] Discovering subsystems at path /Applications/Unity/Unity.app/Contents/Resources/UnitySubsystems
[Subsystems] Discovering subsystems at path /Users/umbra/VR/ShootingStar/ShootingStar/Assets
GfxDevice: creating device client; threaded=0
2022-07-26 23:01:51.043 Unity[99777:10171370] Color LCD preferred device: AMD Radeon Pro 560X (high power)
2022-07-26 23:01:51.043 Unity[99777:10171370] Metal devices available: 2
2022-07-26 23:01:51.044 Unity[99777:10171370] 0: AMD Radeon Pro 560X (high power)
2022-07-26 23:01:51.044 Unity[99777:10171370] 1: Intel(R) UHD Graphics 630 (low power)
2022-07-26 23:01:51.045 Unity[99777:10171370] Using device AMD Radeon Pro 560X (high power)
Initializing Metal device caps: AMD Radeon Pro 560X
Initialize mono
Mono path[0] = '/Applications/Unity/Unity.app/Contents/Managed'
Mono path[1] = '/Applications/Unity/Unity.app/Contents/MonoBleedingEdge/lib/mono/unityjit'
Mono config path = '/Applications/Unity/Unity.app/Contents/MonoBleedingEdge/etc'
Using monoOptions --debugger-agent=transport=dt_socket,embedding=1,server=y,suspend=n,address=127.0.0.1:56777
Begin MonoManager ReloadAssembly
Registering precompiled unity dll's ...
Register platform support module: /Applications/Unity/PlaybackEngines/WebGLSupport/UnityEditor.WebGL.Extensions.dll
Register platform support module: /Applications/Unity/Unity.app/Contents/PlaybackEngines/MacStandaloneSupport/UnityEditor.OSXStandalone.Extensions.dll
Registered in 0.001903 seconds.
Native extension for OSXStandalone target not found
Native extension for WebGL target not found
Refreshing native plugins compatible for Editor in 212.87 ms, found 5 plugins.
Preloading 2 native plugins for Editor in 1.28 ms.
Mono: successfully reloaded assembly
- Completed reload, in  2.628 seconds
Domain Reload Profiling:
	ReloadAssembly (2628ms)
		BeginReloadAssembly (162ms)
			ExecutionOrderSort (0ms)
			DisableScriptedObjects (0ms)
			BackupInstance (0ms)
			ReleaseScriptingObjects (0ms)
			CreateAndSetChildDomain (11ms)
		EndReloadAssembly (2154ms)
			LoadAssemblies (158ms)
			RebuildTransferFunctionScriptingTraits (0ms)
			SetupTypeCache (810ms)
			ReleaseScriptCaches (0ms)
			RebuildScriptCaches (142ms)
			SetupLoadedEditorAssemblies (800ms)
				LogAssemblyErrors (0ms)
				InitializePlatformSupportModulesInManaged (15ms)
				SetLoadedEditorAssemblies (1ms)
				RefreshPlugins (214ms)
				BeforeProcessingInitializeOnLoad (85ms)
				ProcessInitializeOnLoadAttributes (378ms)
				ProcessInitializeOnLoadMethodAttributes (107ms)
				AfterProcessingInitializeOnLoad (0ms)
				EditorAssembliesLoaded (1ms)
			ExecutionOrderSort2 (0ms)
			AwakeInstancesAfterBackupRestoration (0ms)
Platform modules already initialized, skipping
Registering precompiled user dll's ...
Registered in 0.021561 seconds.
Begin MonoManager ReloadAssembly
Native extension for OSXStandalone target not found
Native extension for WebGL target not found
Refreshing native plugins compatible for Editor in 156.22 ms, found 5 plugins.
Preloading 2 native plugins for Editor in 1.35 ms.
PXRLog [Build Check]RegisterBuildPlayerHandler,Already Do not show: False
UnityEngine.StackTraceUtility:ExtractStackTrace () (at /Users/bokken/buildslave/unity/build/Runtime/Export/Scripting/StackTrace.cs:37)
UnityEngine.DebugLogHandler:LogFormat (UnityEngine.LogType,UnityEngine.Object,string,object[])
UnityEngine.Logger:Log (UnityEngine.LogType,object)
UnityEngine.Debug:Log (object)
Unity.XR.PXR.Editor.PXR_SDKBuildCheck:.cctor () (at /Users/umbra/Downloads/Pico Unity Integration SDK-2.0.5/Editor/PXR_SDKBuildCheck.cs:30)
System.Runtime.CompilerServices.RuntimeHelpers:RunClassConstructor (System.RuntimeTypeHandle)
UnityEditor.EditorAssemblies:ProcessInitializeOnLoadAttributes (System.Type[]) (at /Users/bokken/buildslave/unity/build/Editor/Mono/EditorAssemblies.cs:134)

(Filename: /Users/umbra/Downloads/Pico Unity Integration SDK-2.0.5/Editor/PXR_SDKBuildCheck.cs Line: 30)

Mono: successfully reloaded assembly
- Completed reload, in  4.029 seconds
Domain Reload Profiling:
	ReloadAssembly (4033ms)
		BeginReloadAssembly (505ms)
			ExecutionOrderSort (0ms)
			DisableScriptedObjects (16ms)
			BackupInstance (0ms)
			ReleaseScriptingObjects (0ms)
			CreateAndSetChildDomain (86ms)
		EndReloadAssembly (3332ms)
			LoadAssemblies (316ms)
			RebuildTransferFunctionScriptingTraits (0ms)
			SetupTypeCache (1136ms)
			ReleaseScriptCaches (1ms)
			RebuildScriptCaches (192ms)
			SetupLoadedEditorAssemblies (1294ms)
				LogAssemblyErrors (0ms)
				InitializePlatformSupportModulesInManaged (13ms)
				SetLoadedEditorAssemblies (1ms)
				RefreshPlugins (158ms)
				BeforeProcessingInitializeOnLoad (264ms)
				ProcessInitializeOnLoadAttributes (824ms)
				ProcessInitializeOnLoadMethodAttributes (32ms)
				AfterProcessingInitializeOnLoad (2ms)
				EditorAssembliesLoaded (1ms)
			ExecutionOrderSort2 (0ms)
			AwakeInstancesAfterBackupRestoration (18ms)
Platform modules already initialized, skipping
Validating Project structure ... 0.005021 seconds.

LICENSE SYSTEM [2022726 23:2:2] Next license update check is after 2022-07-27T15:00:24

Shader import version has changed; will reimport all shaders...
Upgrading shader files ...0.009357 seconds.
Application.AssetDatabase Initial Script Refresh Start
RefreshInfo: InitialScriptRefreshV2(NoUpdateAssetOptions) scanfilter:  ... 1 filters
RefreshProfiler: Total: 0.000ms
Application.AssetDatabase Initial Script Refresh End
Application.AssetDatabase.Refresh Start
Application.AssetDatabase.Refresh End
RefreshInfo: StopAssetImportingV2(ForceSynchronousImport) scanfilter: 
RefreshProfiler: Total: 0.000ms
Launching external process: /Applications/Unity/Unity.app/Contents/Tools/UnityShaderCompiler
Launched and connected shader compiler UnityShaderCompiler after 0.03 seconds
Initializing Unity extensions:
2022-07-26 23:02:04.267 Unity[99777:10171370] NSEventModifierFlagFunction specified to -setKeyEquivalentModifierMask: for item <NSMenuItem: 0x6000022fb090 Font Asset, ke='Command-F12'>, but is only supported for system-provided menu items; will not be used
2022-07-26 23:02:04.277 Unity[99777:10171370] NSEventModifierFlagFunction specified to -setKeyEquivalentModifierMask: for item <NSMenuItem: 0x6000022d49a0 Font Asset, ke='Command-F12'>, but is only supported for system-provided menu items; will not be used
========================================================================
Worker process is ready to serve import requests
Refreshing native plugins compatible for Editor in 2.51 ms, found 5 plugins.
Preloading 2 native plugins for Editor in 1.99 ms.
Unloading 2712 Unused Serialized files (Serialized files now loaded: 0)
System memory in use before: 212.6 MB.
System memory in use after: 211.9 MB.

Unloading 185 unused Assets to reduce memory usage. Loaded Objects now: 3172.
Total: 8.781757 ms (FindLiveObjects: 0.426115 ms CreateObjectMapping: 0.256904 ms MarkObjects: 6.927389 ms  DeleteObjects: 1.169411 ms)

AssetImportParameters requested are different than current active one (requested -> active):
  custom:video-decoder-ogg-theora: a1e56fd34408186e4bbccfd4996cb3dc -> 
  custom:container-muxer-webm: aa71ff27fc2769a1b78a27578f13a17b -> 
  custom:container-demuxer-webm: 4f35f7cbe854078d1ac9338744f61a02 -> 
  custom:container-demuxer-ogg: 62fdf1f143b41e24485cea50d1cbac27 -> 
  custom:video-encoder-webm-vp8: eb34c28f22e8b96e1ab97ce403110664 -> 
  custom:framework-osx-AVFoundation: e770b220cccbd017edd2c1fefb359320 -> 
  custom:video-decoder-webm-vp8: 9c59270c3fd7afecdb556c50c9e8de78 -> 
  custom:audio-decoder-ogg-vorbis: bf7c407c2cedff20999df2af8eb42d56 -> 
  custom:audio-encoder-webm-vorbis: bf7c407c2cedff20999df2af8eb42d56 -> 
========================================================================
Received Import Request.
  path: Assets/Resources/PXR_PlatformSetting.asset
  artifactKey: Guid(20c12ac7fac0c4725bf364e7c3901100) Importer(815301076,1909f56bfc062723c751e8b465ee728b)
Start importing Assets/Resources/PXR_PlatformSetting.asset using Guid(20c12ac7fac0c4725bf364e7c3901100) Importer(815301076,1909f56bfc062723c751e8b465ee728b)  -> (artifact id: '00a834bb0dedbc24064d5b378b68e9d0') in 1.948928 seconds 
  Import took 1.968150 seconds .

========================================================================
Received Import Request.
  Time since last request: 103.717301 seconds.
  path: Assets/Resources/Prefabs/FPS.prefab
  artifactKey: Guid(8236197263eb7914697a1c0e4512a1d3) Importer(815301076,1909f56bfc062723c751e8b465ee728b)
Start importing Assets/Resources/Prefabs/FPS.prefab using Guid(8236197263eb7914697a1c0e4512a1d3) Importer(815301076,1909f56bfc062723c751e8b465ee728b)  -> (artifact id: 'd71af9761eda7e5b430a536fdfd23467') in 0.165294 seconds 
  Import took 0.175379 seconds .

========================================================================
Received Import Request.
  Time since last request: 0.000501 seconds.
  path: Assets/Resources/Prefabs/RightControllerModel .prefab
  artifactKey: Guid(94f7925a0585b274fbc5fe6b8f9b1f4e) Importer(815301076,1909f56bfc062723c751e8b465ee728b)
Start importing Assets/Resources/Prefabs/RightControllerModel .prefab using Guid(94f7925a0585b274fbc5fe6b8f9b1f4e) Importer(815301076,1909f56bfc062723c751e8b465ee728b)  -> (artifact id: '206a4da0ad5def352a4767644b492416') in 0.041863 seconds 
  Import took 0.047491 seconds .

========================================================================
Received Import Request.
  Time since last request: 0.000240 seconds.
  path: Assets/Resources/Prefabs/LeftControllerModel.prefab
  artifactKey: Guid(d792b21ba2f3e6e4ba026384d6d6536f) Importer(815301076,1909f56bfc062723c751e8b465ee728b)
Start importing Assets/Resources/Prefabs/LeftControllerModel.prefab using Guid(d792b21ba2f3e6e4ba026384d6d6536f) Importer(815301076,1909f56bfc062723c751e8b465ee728b)  -> (artifact id: '4249eaf98df1ecf233d7f6064660d7f9') in 0.011370 seconds 
  Import took 0.016351 seconds .

========================================================================
Received Import Request.
  Time since last request: 1.435317 seconds.
  path: Assets/Resources/Controller/G2.prefab
  artifactKey: Guid(721fb128f76bd9b42be548dae9181de3) Importer(815301076,1909f56bfc062723c751e8b465ee728b)
Start importing Assets/Resources/Controller/G2.prefab using Guid(721fb128f76bd9b42be548dae9181de3) Importer(815301076,1909f56bfc062723c751e8b465ee728b)  -> (artifact id: 'f08076e93eb07ab41c19c21208becc29') in 0.129737 seconds 
  Import took 0.134625 seconds .

========================================================================
Received Import Request.
  Time since last request: 0.000239 seconds.
  path: Assets/Resources/Controller/Neo2_L.prefab
  artifactKey: Guid(53aac5178bc9eac44b0aa803b9f189be) Importer(815301076,1909f56bfc062723c751e8b465ee728b)
Start importing Assets/Resources/Controller/Neo2_L.prefab using Guid(53aac5178bc9eac44b0aa803b9f189be) Importer(815301076,1909f56bfc062723c751e8b465ee728b)  -> (artifact id: '5940e8bc2b9edcd136b7514cea239898') in 0.070451 seconds 
  Import took 0.075072 seconds .

========================================================================
Received Import Request.
  Time since last request: 0.000379 seconds.
  path: Assets/Resources/Controller/generalMat.mat
  artifactKey: Guid(89c097421582fb84c9e6487bb4febd6f) Importer(815301076,1909f56bfc062723c751e8b465ee728b)
Start importing Assets/Resources/Controller/generalMat.mat using Guid(89c097421582fb84c9e6487bb4febd6f) Importer(815301076,1909f56bfc062723c751e8b465ee728b)  -> (artifact id: 'bf763daafc7b096a352ca17b54cfed8f') in 0.120071 seconds 
  Import took 0.128515 seconds .

========================================================================
Received Import Request.
  Time since last request: 0.000306 seconds.
  path: Assets/Resources/Controller/Neo2_R.prefab
  artifactKey: Guid(9a799acc17167fa4cacc2e9a29cc4ba1) Importer(815301076,1909f56bfc062723c751e8b465ee728b)
Start importing Assets/Resources/Controller/Neo2_R.prefab using Guid(9a799acc17167fa4cacc2e9a29cc4ba1) Importer(815301076,1909f56bfc062723c751e8b465ee728b)  -> (artifact id: '08d4c6b33ce1429f657bb0103603be5f') in 0.013270 seconds 
  Import took 0.017652 seconds .

========================================================================
Received Import Request.
  Time since last request: 0.000207 seconds.
  path: Assets/Resources/Controller/tipsLine.png
  artifactKey: Guid(1acc422395fed4744ab13e3ce8119172) Importer(815301076,1909f56bfc062723c751e8b465ee728b)
Start importing Assets/Resources/Controller/tipsLine.png using Guid(1acc422395fed4744ab13e3ce8119172) Importer(815301076,1909f56bfc062723c751e8b465ee728b)  -> (artifact id: '71b2dda18bcb5af9a4f5efe4dde9f12d') in 0.723837 seconds 
  Import took 0.731627 seconds .

========================================================================
Received Import Request.
  Time since last request: 0.000268 seconds.
  path: Assets/Resources/Controller/tipsBg.png
  artifactKey: Guid(4f1c7292315fd8f41bfda197d677a70f) Importer(815301076,1909f56bfc062723c751e8b465ee728b)
Start importing Assets/Resources/Controller/tipsBg.png using Guid(4f1c7292315fd8f41bfda197d677a70f) Importer(815301076,1909f56bfc062723c751e8b465ee728b)  -> (artifact id: '7d43634187b8877097bd2110f97e61c6') in 0.010433 seconds 
  Import took 0.014151 seconds .

========================================================================
Received Import Request.
  Time since last request: 0.000210 seconds.
  path: Assets/Resources/Controller/pptouch.mat
  artifactKey: Guid(381e178c87d30da419845322d9766b94) Importer(815301076,1909f56bfc062723c751e8b465ee728b)
Start importing Assets/Resources/Controller/pptouch.mat using Guid(381e178c87d30da419845322d9766b94) Importer(815301076,1909f56bfc062723c751e8b465ee728b)  -> (artifact id: '01ee4c19d1b5b6a7afb05d312cf02319') in 0.018526 seconds 
  Import took 0.022388 seconds .

========================================================================
Received Import Request.
  Time since last request: 0.000258 seconds.
  path: Assets/Resources/Controller/Neo3_R.prefab
  artifactKey: Guid(50249800e4104084fb51ed64f7e56ffd) Importer(815301076,1909f56bfc062723c751e8b465ee728b)
Start importing Assets/Resources/Controller/Neo3_R.prefab using Guid(50249800e4104084fb51ed64f7e56ffd) Importer(815301076,1909f56bfc062723c751e8b465ee728b)  -> (artifact id: 'b64dac2aeadd4c7a13bca33b56cdd3ac') in 0.014465 seconds 
  Import took 0.018461 seconds .

========================================================================
Received Import Request.
  Time since last request: 0.000248 seconds.
  path: Assets/Resources/Controller/Neo3_L.prefab
  artifactKey: Guid(ba669b48860575744a98e41d08391cd3) Importer(815301076,1909f56bfc062723c751e8b465ee728b)
Start importing Assets/Resources/Controller/Neo3_L.prefab using Guid(ba669b48860575744a98e41d08391cd3) Importer(815301076,1909f56bfc062723c751e8b465ee728b)  -> (artifact id: '9223401cf51610708ce0a5f040186b00') in 0.010128 seconds 
  Import took 0.014091 seconds .

