Unity Editor version:    2020.3.25f1c1 (fd09ccef852e)
Branch:                  2020.3/china_unity/release
Build type:              Release
Batch mode:              YES
macOS version:           Version 12.4 (Build 21F79)
Darwin version:          21.5.0
Architecture:            x86_64
Running under Rosetta:   NO
Available memory:        16384 MB
Using pre-set license
Pro License: NO

COMMAND LINE ARGUMENTS:
/Applications/Unity/Unity.app/Contents/MacOS/Unity
-adb2
-batchMode
-noUpm
-name
AssetImportWorker1
-projectPath
/Users/umbra/VR/ShootingStar/ShootingStar
-logFile
Logs/AssetImportWorker1.log
-srvPort
51751
Successfully changed project path to: /Users/umbra/VR/ShootingStar/ShootingStar
/Users/umbra/VR/ShootingStar/ShootingStar
Using Asset Import Pipeline V2.
AS: AutoStreaming module initializing.Refreshing native plugins compatible for Editor in 1220.64 ms, found 5 plugins.
Preloading 2 native plugins for Editor in 147.16 ms.
Initialize engine version: 2020.3.25f1c1 (fd09ccef852e)
[Subsystems] Discovering subsystems at path /Applications/Unity/Unity.app/Contents/Resources/UnitySubsystems
[Subsystems] Discovering subsystems at path /Users/umbra/VR/ShootingStar/ShootingStar/Assets
GfxDevice: creating device client; threaded=0
2022-07-26 23:01:28.384 Unity[99729:10170046] Color LCD preferred device: AMD Radeon Pro 560X (high power)
2022-07-26 23:01:28.384 Unity[99729:10170046] Metal devices available: 2
2022-07-26 23:01:28.385 Unity[99729:10170046] 0: AMD Radeon Pro 560X (high power)
2022-07-26 23:01:28.385 Unity[99729:10170046] 1: Intel(R) UHD Graphics 630 (low power)
2022-07-26 23:01:28.386 Unity[99729:10170046] Using device AMD Radeon Pro 560X (high power)
Initializing Metal device caps: AMD Radeon Pro 560X
Initialize mono
Mono path[0] = '/Applications/Unity/Unity.app/Contents/Managed'
Mono path[1] = '/Applications/Unity/Unity.app/Contents/MonoBleedingEdge/lib/mono/unityjit'
Mono config path = '/Applications/Unity/Unity.app/Contents/MonoBleedingEdge/etc'
Using monoOptions --debugger-agent=transport=dt_socket,embedding=1,server=y,suspend=n,address=127.0.0.1:56729
Begin MonoManager ReloadAssembly
Registering precompiled unity dll's ...
Register platform support module: /Applications/Unity/PlaybackEngines/WebGLSupport/UnityEditor.WebGL.Extensions.dll
Register platform support module: /Applications/Unity/Unity.app/Contents/PlaybackEngines/MacStandaloneSupport/UnityEditor.OSXStandalone.Extensions.dll
Registered in 0.014553 seconds.
Native extension for OSXStandalone target not found
Native extension for WebGL target not found
Refreshing native plugins compatible for Editor in 383.04 ms, found 5 plugins.
Preloading 2 native plugins for Editor in 1.89 ms.
Mono: successfully reloaded assembly
- Completed reload, in  8.965 seconds
Domain Reload Profiling:
	ReloadAssembly (8966ms)
		BeginReloadAssembly (1051ms)
			ExecutionOrderSort (0ms)
			DisableScriptedObjects (0ms)
			BackupInstance (0ms)
			ReleaseScriptingObjects (0ms)
			CreateAndSetChildDomain (5ms)
		EndReloadAssembly (6426ms)
			LoadAssemblies (1038ms)
			RebuildTransferFunctionScriptingTraits (1ms)
			SetupTypeCache (3820ms)
			ReleaseScriptCaches (0ms)
			RebuildScriptCaches (249ms)
			SetupLoadedEditorAssemblies (1482ms)
				LogAssemblyErrors (0ms)
				InitializePlatformSupportModulesInManaged (41ms)
				SetLoadedEditorAssemblies (1ms)
				RefreshPlugins (385ms)
				BeforeProcessingInitializeOnLoad (177ms)
				ProcessInitializeOnLoadAttributes (702ms)
				ProcessInitializeOnLoadMethodAttributes (175ms)
				AfterProcessingInitializeOnLoad (0ms)
				EditorAssembliesLoaded (1ms)
			ExecutionOrderSort2 (0ms)
			AwakeInstancesAfterBackupRestoration (0ms)
Platform modules already initialized, skipping
Registering precompiled user dll's ...
Registered in 0.071652 seconds.
Begin MonoManager ReloadAssembly
Native extension for OSXStandalone target not found
Native extension for WebGL target not found
