Unity Editor version:    2020.3.25f1c1 (fd09ccef852e)
Branch:                  2020.3/china_unity/release
Build type:              Release
Batch mode:              YES
macOS version:           Version 12.4 (Build 21F79)
Darwin version:          21.5.0
Architecture:            x86_64
Running under Rosetta:   NO
Available memory:        16384 MB
Using pre-set license
Pro License: NO

COMMAND LINE ARGUMENTS:
/Applications/Unity/Unity.app/Contents/MacOS/Unity
-adb2
-batchMode
-noUpm
-name
AssetImportWorker0
-projectPath
/Users/umbra/VR/ShootingStar/ShootingStar
-logFile
Logs/AssetImportWorker0.log
-srvPort
60171
Successfully changed project path to: /Users/umbra/VR/ShootingStar/ShootingStar
/Users/umbra/VR/ShootingStar/ShootingStar
Using Asset Import Pipeline V2.
AS: AutoStreaming module initializing.Refreshing native plugins compatible for Editor in 103.93 ms, found 5 plugins.
Preloading 2 native plugins for Editor in 7.38 ms.
Initialize engine version: 2020.3.25f1c1 (fd09ccef852e)
[Subsystems] Discovering subsystems at path /Applications/Unity/Unity.app/Contents/Resources/UnitySubsystems
[Subsystems] Discovering subsystems at path /Users/umbra/VR/ShootingStar/ShootingStar/Assets
GfxDevice: creating device client; threaded=0
2022-07-26 20:49:10.691 Unity[97974:10009119] Color LCD preferred device: AMD Radeon Pro 560X (high power)
2022-07-26 20:49:10.691 Unity[97974:10009119] Metal devices available: 2
2022-07-26 20:49:10.691 Unity[97974:10009119] 0: AMD Radeon Pro 560X (high power)
2022-07-26 20:49:10.691 Unity[97974:10009119] 1: Intel(R) UHD Graphics 630 (low power)
2022-07-26 20:49:10.691 Unity[97974:10009119] Using device AMD Radeon Pro 560X (high power)
Initializing Metal device caps: AMD Radeon Pro 560X
Initialize mono
Mono path[0] = '/Applications/Unity/Unity.app/Contents/Managed'
Mono path[1] = '/Applications/Unity/Unity.app/Contents/MonoBleedingEdge/lib/mono/unityjit'
Mono config path = '/Applications/Unity/Unity.app/Contents/MonoBleedingEdge/etc'
Using monoOptions --debugger-agent=transport=dt_socket,embedding=1,server=y,suspend=n,address=127.0.0.1:56974
Begin MonoManager ReloadAssembly
Registering precompiled unity dll's ...
Register platform support module: /Applications/Unity/PlaybackEngines/WebGLSupport/UnityEditor.WebGL.Extensions.dll
Register platform support module: /Applications/Unity/Unity.app/Contents/PlaybackEngines/MacStandaloneSupport/UnityEditor.OSXStandalone.Extensions.dll
Registered in 0.025839 seconds.
Native extension for OSXStandalone target not found
Native extension for WebGL target not found
Refreshing native plugins compatible for Editor in 57.55 ms, found 5 plugins.
Preloading 2 native plugins for Editor in 0.52 ms.
Mono: successfully reloaded assembly
- Completed reload, in  0.673 seconds
Domain Reload Profiling:
	ReloadAssembly (673ms)
		BeginReloadAssembly (41ms)
			ExecutionOrderSort (0ms)
			DisableScriptedObjects (0ms)
			BackupInstance (0ms)
			ReleaseScriptingObjects (0ms)
			CreateAndSetChildDomain (1ms)
		EndReloadAssembly (530ms)
			LoadAssemblies (43ms)
			RebuildTransferFunctionScriptingTraits (0ms)
			SetupTypeCache (180ms)
			ReleaseScriptCaches (0ms)
			RebuildScriptCaches (36ms)
			SetupLoadedEditorAssemblies (227ms)
				LogAssemblyErrors (0ms)
				InitializePlatformSupportModulesInManaged (5ms)
				SetLoadedEditorAssemblies (0ms)
				RefreshPlugins (58ms)
				BeforeProcessingInitializeOnLoad (25ms)
				ProcessInitializeOnLoadAttributes (107ms)
				ProcessInitializeOnLoadMethodAttributes (31ms)
				AfterProcessingInitializeOnLoad (0ms)
				EditorAssembliesLoaded (0ms)
			ExecutionOrderSort2 (0ms)
			AwakeInstancesAfterBackupRestoration (0ms)
Platform modules already initialized, skipping
Registering precompiled user dll's ...
Registered in 0.012327 seconds.
Begin MonoManager ReloadAssembly
Native extension for OSXStandalone target not found
Native extension for WebGL target not found
Refreshing native plugins compatible for Editor in 58.50 ms, found 5 plugins.
Preloading 2 native plugins for Editor in 0.47 ms.
PXRLog [Build Check]RegisterBuildPlayerHandler,Already Do not show: False
UnityEngine.StackTraceUtility:ExtractStackTrace () (at /Users/bokken/buildslave/unity/build/Runtime/Export/Scripting/StackTrace.cs:37)
UnityEngine.DebugLogHandler:LogFormat (UnityEngine.LogType,UnityEngine.Object,string,object[])
UnityEngine.Logger:Log (UnityEngine.LogType,object)
UnityEngine.Debug:Log (object)
Unity.XR.PXR.Editor.PXR_SDKBuildCheck:.cctor () (at /Users/umbra/Downloads/Pico Unity Integration SDK-2.0.5/Editor/PXR_SDKBuildCheck.cs:30)
System.Runtime.CompilerServices.RuntimeHelpers:RunClassConstructor (System.RuntimeTypeHandle)
UnityEditor.EditorAssemblies:ProcessInitializeOnLoadAttributes (System.Type[]) (at /Users/bokken/buildslave/unity/build/Editor/Mono/EditorAssemblies.cs:134)

(Filename: /Users/umbra/Downloads/Pico Unity Integration SDK-2.0.5/Editor/PXR_SDKBuildCheck.cs Line: 30)

Mono: successfully reloaded assembly
- Completed reload, in  1.335 seconds
Domain Reload Profiling:
	ReloadAssembly (1337ms)
		BeginReloadAssembly (151ms)
			ExecutionOrderSort (0ms)
			DisableScriptedObjects (5ms)
			BackupInstance (0ms)
			ReleaseScriptingObjects (0ms)
			CreateAndSetChildDomain (31ms)
		EndReloadAssembly (1125ms)
			LoadAssemblies (116ms)
			RebuildTransferFunctionScriptingTraits (0ms)
			SetupTypeCache (358ms)
			ReleaseScriptCaches (0ms)
			RebuildScriptCaches (68ms)
			SetupLoadedEditorAssemblies (438ms)
				LogAssemblyErrors (0ms)
				InitializePlatformSupportModulesInManaged (5ms)
				SetLoadedEditorAssemblies (0ms)
				RefreshPlugins (59ms)
				BeforeProcessingInitializeOnLoad (86ms)
				ProcessInitializeOnLoadAttributes (274ms)
				ProcessInitializeOnLoadMethodAttributes (13ms)
				AfterProcessingInitializeOnLoad (1ms)
				EditorAssembliesLoaded (0ms)
			ExecutionOrderSort2 (0ms)
			AwakeInstancesAfterBackupRestoration (7ms)
Platform modules already initialized, skipping
Validating Project structure ... 0.001322 seconds.

LICENSE SYSTEM [2022726 20:49:14] Next license update check is after 2022-07-27T12:08:33

Shader import version has changed; will reimport all shaders...
Upgrading shader files ...0.003230 seconds.
Application.AssetDatabase Initial Script Refresh Start
RefreshInfo: InitialScriptRefreshV2(NoUpdateAssetOptions) scanfilter:  ... 1 filters
RefreshProfiler: Total: 0.000ms
Application.AssetDatabase Initial Script Refresh End
Application.AssetDatabase.Refresh Start
Application.AssetDatabase.Refresh End
RefreshInfo: StopAssetImportingV2(ForceSynchronousImport) scanfilter: 
RefreshProfiler: Total: 0.000ms
Launching external process: /Applications/Unity/Unity.app/Contents/Tools/UnityShaderCompiler
Launched and connected shader compiler UnityShaderCompiler after 0.01 seconds
Initializing Unity extensions:
2022-07-26 20:49:14.892 Unity[97974:10009119] NSEventModifierFlagFunction specified to -setKeyEquivalentModifierMask: for item <NSMenuItem: 0x60000339f5d0 Font Asset, ke='Command-F12'>, but is only supported for system-provided menu items; will not be used
2022-07-26 20:49:14.896 Unity[97974:10009119] NSEventModifierFlagFunction specified to -setKeyEquivalentModifierMask: for item <NSMenuItem: 0x6000033af9c0 Font Asset, ke='Command-F12'>, but is only supported for system-provided menu items; will not be used
========================================================================
Worker process is ready to serve import requests
Refreshing native plugins compatible for Editor in 0.93 ms, found 5 plugins.
Preloading 2 native plugins for Editor in 0.53 ms.
Unloading 2712 Unused Serialized files (Serialized files now loaded: 0)
System memory in use before: 212.2 MB.
System memory in use after: 211.5 MB.

Unloading 185 unused Assets to reduce memory usage. Loaded Objects now: 3171.
Total: 4.090738 ms (FindLiveObjects: 0.318958 ms CreateObjectMapping: 0.167541 ms MarkObjects: 3.086579 ms  DeleteObjects: 0.516561 ms)

AssetImportParameters requested are different than current active one (requested -> active):
  custom:video-decoder-ogg-theora: a1e56fd34408186e4bbccfd4996cb3dc -> 
  custom:container-muxer-webm: aa71ff27fc2769a1b78a27578f13a17b -> 
  custom:container-demuxer-webm: 4f35f7cbe854078d1ac9338744f61a02 -> 
  custom:container-demuxer-ogg: 62fdf1f143b41e24485cea50d1cbac27 -> 
  custom:video-encoder-webm-vp8: eb34c28f22e8b96e1ab97ce403110664 -> 
  custom:framework-osx-AVFoundation: e770b220cccbd017edd2c1fefb359320 -> 
  custom:video-decoder-webm-vp8: 9c59270c3fd7afecdb556c50c9e8de78 -> 
  custom:audio-decoder-ogg-vorbis: bf7c407c2cedff20999df2af8eb42d56 -> 
  custom:audio-encoder-webm-vorbis: bf7c407c2cedff20999df2af8eb42d56 -> 
========================================================================
Received Import Request.
  path: Assets/Scenes/SampleScene.unity
  artifactKey: Guid(9fc0d4010bbf28b4594072e72b8655ab) Importer(815301076,1909f56bfc062723c751e8b465ee728b)
Start importing Assets/Scenes/SampleScene.unity using Guid(9fc0d4010bbf28b4594072e72b8655ab) Importer(815301076,1909f56bfc062723c751e8b465ee728b)  -> (artifact id: '3c7c29d97162505333c3a4ff2644a6c9') in 0.014043 seconds 
  Import took 0.017720 seconds .

========================================================================
Received Import Request.
  Time since last request: 280.046433 seconds.
  path: Assets/Samples/XR Interaction Toolkit/2.0.2/Starter Assets
  artifactKey: Guid(003cff52fffa94039bcf7f67bd59bf1d) Importer(815301076,1909f56bfc062723c751e8b465ee728b)
Start importing Assets/Samples/XR Interaction Toolkit/2.0.2/Starter Assets using Guid(003cff52fffa94039bcf7f67bd59bf1d) Importer(815301076,1909f56bfc062723c751e8b465ee728b)  -> (artifact id: '1539482830632f576fd104807e3183bf') in 0.001265 seconds 
  Import took 0.005224 seconds .

========================================================================
Received Import Request.
  Time since last request: 1.377190 seconds.
  path: Assets/Samples/XR Interaction Toolkit/2.0.2/XR Device Simulator
  artifactKey: Guid(2f8dec16ba2ff436d98c5a72643887d6) Importer(815301076,1909f56bfc062723c751e8b465ee728b)
Start importing Assets/Samples/XR Interaction Toolkit/2.0.2/XR Device Simulator using Guid(2f8dec16ba2ff436d98c5a72643887d6) Importer(815301076,1909f56bfc062723c751e8b465ee728b)  -> (artifact id: 'b5ff4adf168f174e95de7542b888748b') in 0.001811 seconds 
  Import took 0.005244 seconds .

========================================================================
Received Import Request.
  Time since last request: 405.374272 seconds.
  path: Assets/Resources/green.mat
  artifactKey: Guid(a8add734d9059af4c9838ae47ddc91e7) Importer(815301076,1909f56bfc062723c751e8b465ee728b)
Start importing Assets/Resources/green.mat using Guid(a8add734d9059af4c9838ae47ddc91e7) Importer(815301076,1909f56bfc062723c751e8b465ee728b)  -> (artifact id: '1f5a5e0c038877ba7eda24c5dbbfae63') in 1.080776 seconds 
  Import took 1.110751 seconds .

========================================================================
Received Import Request.
  Time since last request: 0.000273 seconds.
  path: Assets/Resources/plane.mat
  artifactKey: Guid(c9713f0bb9fce594ca9c086300752f59) Importer(815301076,1909f56bfc062723c751e8b465ee728b)
Start importing Assets/Resources/plane.mat using Guid(c9713f0bb9fce594ca9c086300752f59) Importer(815301076,1909f56bfc062723c751e8b465ee728b)  -> (artifact id: 'ad450e8ed1df20267221bc41ac136aeb') in 0.196614 seconds 
  Import took 0.201299 seconds .

========================================================================
Received Import Request.
  Time since last request: 0.000313 seconds.
  path: Assets/Resources/grid.jpg
  artifactKey: Guid(02b48b9ce5077ab4dad3610ab31cec68) Importer(815301076,1909f56bfc062723c751e8b465ee728b)
Start importing Assets/Resources/grid.jpg using Guid(02b48b9ce5077ab4dad3610ab31cec68) Importer(815301076,1909f56bfc062723c751e8b465ee728b)  -> (artifact id: '8b47fc4b68eb2d09af7e41027febd867') in 1.185729 seconds 
  Import took 1.194156 seconds .

========================================================================
Received Import Request.
  Time since last request: 0.000267 seconds.
  path: Assets/Resources/PXR_ProjectSetting.asset
  artifactKey: Guid(c152e697650174c0596f8ccec4cb3366) Importer(815301076,1909f56bfc062723c751e8b465ee728b)
Start importing Assets/Resources/PXR_ProjectSetting.asset using Guid(c152e697650174c0596f8ccec4cb3366) Importer(815301076,1909f56bfc062723c751e8b465ee728b)  -> (artifact id: '223c8862d57b242d109cdae34ad3946e') in 0.098201 seconds 
  Import took 0.105363 seconds .

========================================================================
Received Import Request.
  Time since last request: 0.000322 seconds.
  path: Assets/Resources/unlitcontroller.mat
  artifactKey: Guid(ea5d1bb890cef78439598b7062576fa3) Importer(815301076,1909f56bfc062723c751e8b465ee728b)
Start importing Assets/Resources/unlitcontroller.mat using Guid(ea5d1bb890cef78439598b7062576fa3) Importer(815301076,1909f56bfc062723c751e8b465ee728b)  -> (artifact id: 'a03c3af110dda0f98e0048846e2d14e3') in 0.074962 seconds 
  Import took 0.078989 seconds .

========================================================================
Received Import Request.
  Time since last request: 0.000253 seconds.
  path: Assets/Resources/PXR_PlatformSetting.asset
  artifactKey: Guid(20c12ac7fac0c4725bf364e7c3901100) Importer(815301076,1909f56bfc062723c751e8b465ee728b)
Start importing Assets/Resources/PXR_PlatformSetting.asset using Guid(20c12ac7fac0c4725bf364e7c3901100) Importer(815301076,1909f56bfc062723c751e8b465ee728b)  -> (artifact id: '0b7a468a7b7cb71ca3f1ab496f09d7ff') in 0.005120 seconds 
  Import took 0.008595 seconds .

========================================================================
Received Import Request.
  Time since last request: 0.000190 seconds.
  path: Assets/Resources/standardcontroller.mat
  artifactKey: Guid(4c2b2924173d4814f886ea72b5c47f69) Importer(815301076,1909f56bfc062723c751e8b465ee728b)
Start importing Assets/Resources/standardcontroller.mat using Guid(4c2b2924173d4814f886ea72b5c47f69) Importer(815301076,1909f56bfc062723c751e8b465ee728b)  -> (artifact id: '9fe94998210e21fb051854023105d9d9') in 0.012898 seconds 
  Import took 0.016741 seconds .

========================================================================
Received Import Request.
  Time since last request: 0.000295 seconds.
  path: Assets/Resources/UnderlayHole.mat
  artifactKey: Guid(aaee3c9c8cbe51c4b9846a17fb7d1602) Importer(815301076,1909f56bfc062723c751e8b465ee728b)
Start importing Assets/Resources/UnderlayHole.mat using Guid(aaee3c9c8cbe51c4b9846a17fb7d1602) Importer(815301076,1909f56bfc062723c751e8b465ee728b)  -> (artifact id: 'ea28c89b48034d017fbe25b54d985ad8') in 0.015704 seconds 
  Import took 0.019926 seconds .

========================================================================
Received Import Request.
  Time since last request: 0.000252 seconds.
  path: Assets/Resources/PXR_SDKSettingAsset.asset
  artifactKey: Guid(04f9026b7152a45a39a0e84ee2aab760) Importer(815301076,1909f56bfc062723c751e8b465ee728b)
Start importing Assets/Resources/PXR_SDKSettingAsset.asset using Guid(04f9026b7152a45a39a0e84ee2aab760) Importer(815301076,1909f56bfc062723c751e8b465ee728b)  -> (artifact id: '3eb5be5fcbea888cef38f6853638aa5a') in 0.004164 seconds 
  Import took 0.008138 seconds .

========================================================================
Received Prepare
Registering precompiled user dll's ...
Registered in 0.017093 seconds.
Begin MonoManager ReloadAssembly
Native extension for OSXStandalone target not found
Native extension for WebGL target not found
Refreshing native plugins compatible for Editor in 1.01 ms, found 5 plugins.
Preloading 2 native plugins for Editor in 0.54 ms.
2022-07-26 21:03:49.829 Unity[97974:10009119] NSEventModifierFlagFunction specified to -setKeyEquivalentModifierMask: for item <NSMenuItem: 0x6000033d0b60 Font Asset, ke='Command-F12'>, but is only supported for system-provided menu items; will not be used
PXRLog [Build Check]RegisterBuildPlayerHandler,Already Do not show: False
UnityEngine.StackTraceUtility:ExtractStackTrace () (at /Users/bokken/buildslave/unity/build/Runtime/Export/Scripting/StackTrace.cs:37)
UnityEngine.DebugLogHandler:LogFormat (UnityEngine.LogType,UnityEngine.Object,string,object[])
UnityEngine.Logger:Log (UnityEngine.LogType,object)
UnityEngine.Debug:Log (object)
Unity.XR.PXR.Editor.PXR_SDKBuildCheck:.cctor () (at /Users/umbra/Downloads/Pico Unity Integration SDK-2.0.5/Editor/PXR_SDKBuildCheck.cs:30)
System.Runtime.CompilerServices.RuntimeHelpers:RunClassConstructor (System.RuntimeTypeHandle)
UnityEditor.EditorAssemblies:ProcessInitializeOnLoadAttributes (System.Type[]) (at /Users/bokken/buildslave/unity/build/Editor/Mono/EditorAssemblies.cs:134)

(Filename: /Users/umbra/Downloads/Pico Unity Integration SDK-2.0.5/Editor/PXR_SDKBuildCheck.cs Line: 30)

Mono: successfully reloaded assembly
- Completed reload, in  1.428 seconds
Domain Reload Profiling:
	ReloadAssembly (1428ms)
		BeginReloadAssembly (207ms)
			ExecutionOrderSort (0ms)
			DisableScriptedObjects (7ms)
			BackupInstance (0ms)
			ReleaseScriptingObjects (0ms)
			CreateAndSetChildDomain (119ms)
		EndReloadAssembly (1151ms)
			LoadAssemblies (101ms)
			RebuildTransferFunctionScriptingTraits (0ms)
			SetupTypeCache (394ms)
			ReleaseScriptCaches (1ms)
			RebuildScriptCaches (52ms)
			SetupLoadedEditorAssemblies (453ms)
				LogAssemblyErrors (0ms)
				InitializePlatformSupportModulesInManaged (5ms)
				SetLoadedEditorAssemblies (1ms)
				RefreshPlugins (2ms)
				BeforeProcessingInitializeOnLoad (141ms)
				ProcessInitializeOnLoadAttributes (292ms)
				ProcessInitializeOnLoadMethodAttributes (12ms)
				AfterProcessingInitializeOnLoad (1ms)
				EditorAssembliesLoaded (0ms)
			ExecutionOrderSort2 (0ms)
			AwakeInstancesAfterBackupRestoration (7ms)
Platform modules already initialized, skipping
Switching build target platform(2) subTarget(0) extendedPlatform(0) -> platform(13) subTarget(537395200) extendedPlatform(0)
Refreshing native plugins compatible for Editor in 0.81 ms, found 5 plugins.
Preloading 2 native plugins for Editor in 0.51 ms.
Unloading 2667 Unused Serialized files (Serialized files now loaded: 0)
System memory in use before: 222.6 MB.
System memory in use after: 222.8 MB.

Unloading 31 unused Assets to reduce memory usage. Loaded Objects now: 3219.
Total: 3.543343 ms (FindLiveObjects: 0.240781 ms CreateObjectMapping: 0.135619 ms MarkObjects: 3.112692 ms  DeleteObjects: 0.053359 ms)

AssetImportParameters requested are different than current active one (requested -> active):
  custom:video-decoder-ogg-theora: a1e56fd34408186e4bbccfd4996cb3dc -> 
  custom:container-muxer-webm: aa71ff27fc2769a1b78a27578f13a17b -> 
  custom:container-demuxer-webm: 4f35f7cbe854078d1ac9338744f61a02 -> 
  custom:container-demuxer-ogg: 62fdf1f143b41e24485cea50d1cbac27 -> 
  custom:video-encoder-webm-vp8: eb34c28f22e8b96e1ab97ce403110664 -> 
  custom:framework-osx-AVFoundation: e770b220cccbd017edd2c1fefb359320 -> 
  custom:video-decoder-webm-vp8: 9c59270c3fd7afecdb556c50c9e8de78 -> 
  custom:graphics/normal-map-encoding: 01000000000000000000000000000000 -> 02000000000000000000000000000000
  custom:audio-decoder-ogg-vorbis: bf7c407c2cedff20999df2af8eb42d56 -> 
  custom:audio-encoder-webm-vorbis: bf7c407c2cedff20999df2af8eb42d56 -> 
